=> res/color-v21/abc_btn_colored_borderless_text_material.xml
=> res/color-v23/abc_btn_colored_borderless_text_material.xml
=> res/color-v23/abc_btn_colored_text_material.xml
=> res/color-v23/abc_color_highlight_material.xml
=> res/color-v23/abc_tint_btn_checkable.xml
=> res/color-v23/abc_tint_default.xml
=> res/color-v23/abc_tint_edittext.xml
=> res/color-v23/abc_tint_seek_thumb.xml
=> res/color-v23/abc_tint_spinner.xml
=> res/color-v23/abc_tint_switch_track.xml
=> res/color-v23/design_tint_password_toggle.xml
=> res/color/abc_background_cache_hint_selector_material_dark.xml
=> res/color/abc_background_cache_hint_selector_material_light.xml
=> res/color/abc_btn_colored_borderless_text_material.xml
=> res/color/abc_btn_colored_text_material.xml
=> res/color/abc_hint_foreground_material_dark.xml
=> res/color/abc_hint_foreground_material_light.xml
=> res/color/abc_primary_text_disable_only_material_dark.xml
=> res/color/abc_primary_text_disable_only_material_light.xml
=> res/color/abc_primary_text_material_dark.xml
=> res/color/abc_primary_text_material_light.xml
=> res/color/abc_search_url_text.xml
=> res/color/abc_secondary_text_material_dark.xml
=> res/color/abc_secondary_text_material_light.xml
=> res/color/abc_tint_btn_checkable.xml
=> res/color/abc_tint_default.xml
=> res/color/abc_tint_edittext.xml
=> res/color/abc_tint_seek_thumb.xml
=> res/color/abc_tint_spinner.xml
=> res/color/abc_tint_switch_track.xml
=> res/color/common_google_signin_btn_text_dark.xml
=> res/color/common_google_signin_btn_text_light.xml
=> res/color/common_google_signin_btn_tint.xml
=> res/color/design_error.xml
=> res/color/design_tint_password_toggle.xml
=> res/color/mtrl_bottom_nav_colored_item_tint.xml
=> res/color/mtrl_bottom_nav_item_tint.xml
=> res/color/mtrl_btn_bg_color_selector.xml
=> res/color/mtrl_btn_ripple_color.xml
=> res/color/mtrl_btn_stroke_color_selector.xml
=> res/color/mtrl_btn_text_btn_ripple_color.xml
=> res/color/mtrl_btn_text_color_selector.xml
