=> res/drawable-hdpi-v4/abc_textfield_search_activated_mtrl_alpha.9.png
=> res/drawable-hdpi-v4/abc_textfield_search_default_mtrl_alpha.9.png
=> res/drawable-hdpi-v4/common_full_open_on_phone.png
=> res/drawable-hdpi-v4/common_google_signin_btn_icon_dark_normal_background.9.png
=> res/drawable-hdpi-v4/common_google_signin_btn_icon_light_normal_background.9.png
=> res/drawable-hdpi-v4/common_google_signin_btn_text_dark_normal_background.9.png
=> res/drawable-hdpi-v4/common_google_signin_btn_text_light_normal_background.9.png
=> res/drawable-hdpi-v4/design_ic_visibility.png
=> res/drawable-hdpi-v4/design_ic_visibility_off.png
=> res/drawable-hdpi-v4/googleg_disabled_color_18.png
=> res/drawable-hdpi-v4/googleg_standard_color_18.png
=> res/drawable-hdpi-v4/notification_bg_low_normal.9.png
=> res/drawable-hdpi-v4/notification_bg_low_pressed.9.png
=> res/drawable-hdpi-v4/notification_bg_normal.9.png
=> res/drawable-hdpi-v4/notification_bg_normal_pressed.9.png
=> res/drawable-hdpi-v4/notify_panel_notification_icon_bg.png
=> res/drawable-ldrtl-hdpi-v17/abc_ic_menu_copy_mtrl_am_alpha.png
=> res/drawable-ldrtl-hdpi-v17/abc_ic_menu_cut_mtrl_alpha.png
=> res/drawable-ldrtl-hdpi-v17/abc_spinner_mtrl_am_alpha.9.png
=> res/drawable-ldrtl-mdpi-v17/abc_ic_menu_copy_mtrl_am_alpha.png
=> res/drawable-ldrtl-mdpi-v17/abc_ic_menu_cut_mtrl_alpha.png
=> res/drawable-ldrtl-mdpi-v17/abc_spinner_mtrl_am_alpha.9.png
=> res/drawable-ldrtl-xhdpi-v17/abc_ic_menu_copy_mtrl_am_alpha.png
=> res/drawable-ldrtl-xhdpi-v17/
