=> res/anim/abc_slide_in_bottom.xml
=> res/anim/abc_slide_in_top.xml
=> res/anim/abc_slide_out_bottom.xml
=> res/anim/abc_slide_out_top.xml
=> res/anim/abc_tooltip_enter.xml
=> res/anim/abc_tooltip_exit.xml
=> res/anim/alerter_pulse.xml
=> res/anim/alerter_slide_in_from_bottom.xml
=> res/anim/alerter_slide_in_from_left.xml
=> res/anim/alerter_slide_in_from_top.xml
=> res/anim/alerter_slide_out_to_bottom.xml
=> res/anim/alerter_slide_out_to_right.xml
=> res/anim/alerter_slide_out_to_top.xml
=> res/anim/design_bottom_sheet_slide_in.xml
=> res/anim/design_bottom_sheet_slide_out.xml
=> res/anim/design_snackbar_in.xml
=> res/anim/design_snackbar_out.xml
=> res/anim/interpolator_slight_anticipate.xml
=> res/anim/interpolator_slight_overshoot.xml
=> res/animator-v21/design_appbar_state_list_animator.xml
=> res/animator/design_fab_hide_motion_spec.xml
=> res/animator/design_fab_show_motion_spec.xml
=> res/animator/mtrl_btn_state_list_anim.xml
=> res/animator/mtrl_btn_unelevated_state_list_anim.xml
=> res/animator/mtrl_chip_state_list_anim.xml`
